This is pdfTeX, Version 3.141592653-2.6-1.40.25 (TeX Live 2023) (preloaded format=pdflatex 2024.2.20)  20 FEB 2024 19:47
entering extended mode
 restricted \write18 enabled.
 %&-line parsing enabled.
**Elizabeth-Zhang_StatThesis.tex
(./Elizabeth-Zhang_StatThesis.tex
LaTeX2e <2023-11-01> patch level 1
L3 programming layer <2024-02-18>
(./amherstthesis.cls
Document Class: amherstthesis 2019/08/26 Amherst College Statistics
(/Users/elizabethzhang/Library/TinyTeX/texmf-dist/tex/latex/base/book.cls
Document Class: book 2023/05/17 v1.4n Standard LaTeX document class
(/Users/elizabethzhang/Library/TinyTeX/texmf-dist/tex/latex/base/bk12.clo
File: bk12.clo 2023/05/17 v1.4n Standard LaTeX file (size option)
)
\c@part=\count188
\c@chapter=\count189
\c@section=\count190
\c@subsection=\count191
\c@subsubsection=\count192
\c@paragraph=\count193
\c@subparagraph=\count194
\c@figure=\count195
\c@table=\count196
\abovecaptionskip=\skip48
\belowcaptionskip=\skip49
\bibindent=\dimen140
) (/Users/elizabethzhang/Library/TinyTeX/texmf-dist/tex/latex/fancyhdr/fancyhdr.sty
Package: fancyhdr 2022/11/09 v4.1 Extensive control of page headers and footers
\f@nch@headwidth=\skip50
\f@nch@O@elh=\skip51
\f@nch@O@erh=\skip52
\f@nch@O@olh=\skip53
\f@nch@O@orh=\skip54
\f@nch@O@elf=\skip55
\f@nch@O@erf=\skip56
\f@nch@O@olf=\skip57
\f@nch@O@orf=\skip58
) (/Users/elizabethzhang/Library/TinyTeX/texmf-dist/tex/latex/setspace/setspace.sty
Package: setspace 2022/12/04 v6.7b set line spacing
) (/Users/elizabethzhang/Library/TinyTeX/texmf-dist/tex/generic/iftex/ifxetex.sty
Package: ifxetex 2019/10/25 v0.7 ifxetex legacy package. Use iftex instead.
(/Users/elizabethzhang/Library/TinyTeX/texmf-dist/tex/generic/iftex/iftex.sty
Package: iftex 2022/02/03 v1.0f TeX engine tests
)) (/Users/elizabethzhang/Library/TinyTeX/texmf-dist/tex/generic/iftex/ifluatex.sty
Package: ifluatex 2019/10/25 v1.5 ifluatex legacy package. Use iftex instead.
) (/Users/elizabethzhang/Library/TinyTeX/texmf-dist/tex/latex/base/fixltx2e.sty
Package: fixltx2e 2016/12/29 v2.1a fixes to LaTeX (obsolete)
Applying: [2015/01/01] Old fixltx2e package on input line 46.

Package fixltx2e Warning: fixltx2e is not required with releases after 2015
(fixltx2e)                All fixes are now in the LaTeX kernel.
(fixltx2e)                See the latexrelease package for details.

Already applied: [0000/00/00] Old fixltx2e package on input line 53.
) (/Users/elizabethzhang/Library/TinyTeX/texmf-dist/tex/latex/base/fontenc.sty
Package: fontenc 2021/04/29 v2.0v Standard LaTeX package
) (/Users/elizabethzhang/Library/TinyTeX/texmf-dist/tex/latex/base/inputenc.sty
Package: inputenc 2021/02/14 v1.3d Input encoding file
\inpenc@prehook=\toks17
\inpenc@posthook=\toks18
)) (/Users/elizabethzhang/Library/TinyTeX/texmf-dist/tex/latex/graphics/graphicx.sty
Package: graphicx 2021/09/16 v1.2d Enhanced LaTeX Graphics (DPC,SPQR)
(/Users/elizabethzhang/Library/TinyTeX/texmf-dist/tex/latex/graphics/keyval.sty
Package: keyval 2022/05/29 v1.15 key=value parser (DPC)
\KV@toks@=\toks19
) (/Users/elizabethzhang/Library/TinyTeX/texmf-dist/tex/latex/graphics/graphics.sty
Package: graphics 2022/03/10 v1.4e Standard LaTeX Graphics (DPC,SPQR)
(/Users/elizabethzhang/Library/TinyTeX/texmf-dist/tex/latex/graphics/trig.sty
Package: trig 2021/08/11 v1.11 sin cos tan (DPC)
) (/Users/elizabethzhang/Library/TinyTeX/texmf-dist/tex/latex/graphics-cfg/graphics.cfg
File: graphics.cfg 2016/06/04 v1.11 sample graphics configuration
)
Package graphics Info: Driver file: pdftex.def on input line 107.
(/Users/elizabethzhang/Library/TinyTeX/texmf-dist/tex/latex/graphics-def/pdftex.def
File: pdftex.def 2022/09/22 v1.2b Graphics/color driver for pdftex
))
\Gin@req@height=\dimen141
\Gin@req@width=\dimen142
) (/Users/elizabethzhang/Library/TinyTeX/texmf-dist/tex/latex/base/latexsym.sty
Package: latexsym 1998/08/17 v2.2e Standard LaTeX package (lasy symbols)
\symlasy=\mathgroup4
LaTeX Font Info:    Overwriting symbol font `lasy' in version `bold'
(Font)                  U/lasy/m/n --> U/lasy/b/n on input line 52.
) (/Users/elizabethzhang/Library/TinyTeX/texmf-dist/tex/latex/amsmath/amsmath.sty
Package: amsmath 2023/05/13 v2.17o AMS math features
\@mathmargin=\skip59
For additional information on amsmath, use the `?' option.
(/Users/elizabethzhang/Library/TinyTeX/texmf-dist/tex/latex/amsmath/amstext.sty
Package: amstext 2021/08/26 v2.01 AMS text
(/Users/elizabethzhang/Library/TinyTeX/texmf-dist/tex/latex/amsmath/amsgen.sty
File: amsgen.sty 1999/11/30 v2.0 generic functions
\@emptytoks=\toks20
\ex@=\dimen143
)) (/Users/elizabethzhang/Library/TinyTeX/texmf-dist/tex/latex/amsmath/amsbsy.sty
Package: amsbsy 1999/11/29 v1.2d Bold Symbols
\pmbraise@=\dimen144
) (/Users/elizabethzhang/Library/TinyTeX/texmf-dist/tex/latex/amsmath/amsopn.sty
Package: amsopn 2022/04/08 v2.04 operator names
)
\inf@bad=\count197
LaTeX Info: Redefining \frac on input line 234.
\uproot@=\count198
\leftroot@=\count199
LaTeX Info: Redefining \overline on input line 399.
LaTeX Info: Redefining \colon on input line 410.
\classnum@=\count266
\DOTSCASE@=\count267
LaTeX Info: Redefining \ldots on input line 496.
LaTeX Info: Redefining \dots on input line 499.
LaTeX Info: Redefining \cdots on input line 620.
\Mathstrutbox@=\box51
\strutbox@=\box52
LaTeX Info: Redefining \big on input line 722.
LaTeX Info: Redefining \Big on input line 723.
LaTeX Info: Redefining \bigg on input line 724.
LaTeX Info: Redefining \Bigg on input line 725.
\big@size=\dimen145
LaTeX Font Info:    Redeclaring font encoding OML on input line 743.
LaTeX Font Info:    Redeclaring font encoding OMS on input line 744.
\macc@depth=\count268
LaTeX Info: Redefining \bmod on input line 905.
LaTeX Info: Redefining \pmod on input line 910.
LaTeX Info: Redefining \smash on input line 940.
LaTeX Info: Redefining \relbar on input line 970.
LaTeX Info: Redefining \Relbar on input line 971.
\c@MaxMatrixCols=\count269
\dotsspace@=\muskip16
\c@parentequation=\count270
\dspbrk@lvl=\count271
\tag@help=\toks21
\row@=\count272
\column@=\count273
\maxfields@=\count274
\andhelp@=\toks22
\eqnshift@=\dimen146
\alignsep@=\dimen147
\tagshift@=\dimen148
\tagwidth@=\dimen149
\totwidth@=\dimen150
\lineht@=\dimen151
\@envbody=\toks23
\multlinegap=\skip60
\multlinetaggap=\skip61
\mathdisplay@stack=\toks24
LaTeX Info: Redefining \[ on input line 2953.
LaTeX Info: Redefining \] on input line 2954.
) (/Users/elizabethzhang/Library/TinyTeX/texmf-dist/tex/latex/amsfonts/amssymb.sty
Package: amssymb 2013/01/14 v3.01 AMS font symbols
(/Users/elizabethzhang/Library/TinyTeX/texmf-dist/tex/latex/amsfonts/amsfonts.sty
Package: amsfonts 2013/01/14 v3.01 Basic AMSFonts support
\symAMSa=\mathgroup5
\symAMSb=\mathgroup6
LaTeX Font Info:    Redeclaring math symbol \hbar on input line 98.
LaTeX Font Info:    Overwriting math alphabet `\mathfrak' in version `bold'
(Font)                  U/euf/m/n --> U/euf/b/n on input line 106.
)) (/Users/elizabethzhang/Library/TinyTeX/texmf-dist/tex/latex/amscls/amsthm.sty
Package: amsthm 2020/05/29 v2.20.6
\thm@style=\toks25
\thm@bodyfont=\toks26
\thm@headfont=\toks27
\thm@notefont=\toks28
\thm@headpunct=\toks29
\thm@preskip=\skip62
\thm@postskip=\skip63
\thm@headsep=\skip64
\dth@everypar=\toks30
) (/Users/elizabethzhang/Library/TinyTeX/texmf-dist/tex/latex/tools/longtable.sty
Package: longtable 2023-11-01 v4.19 Multi-page Table package (DPC)
\LTleft=\skip65
\LTright=\skip66
\LTpre=\skip67
\LTpost=\skip68
\LTchunksize=\count275
\LTcapwidth=\dimen152
\LT@head=\box53
\LT@firsthead=\box54
\LT@foot=\box55
\LT@lastfoot=\box56
\LT@gbox=\box57
\LT@cols=\count276
\LT@rows=\count277
\c@LT@tables=\count278
\c@LT@chunks=\count279
\LT@p@ftn=\toks31
) (/Users/elizabethzhang/Library/TinyTeX/texmf-dist/tex/latex/booktabs/booktabs.sty
Package: booktabs 2020/01/12 v1.61803398 Publication quality tables
\heavyrulewidth=\dimen153
\lightrulewidth=\dimen154
\cmidrulewidth=\dimen155
\belowrulesep=\dimen156
\belowbottomsep=\dimen157
\aboverulesep=\dimen158
\abovetopsep=\dimen159
\cmidrulesep=\dimen160
\cmidrulekern=\dimen161
\defaultaddspace=\dimen162
\@cmidla=\count280
\@cmidlb=\count281
\@aboverulesep=\dimen163
\@belowrulesep=\dimen164
\@thisruleclass=\count282
\@lastruleclass=\count283
\@thisrulewidth=\dimen165
) (/Users/elizabethzhang/Library/TinyTeX/texmf-dist/tex/latex/url/url.sty
\Urlmuskip=\muskip17
Package: url 2013/09/16  ver 3.4  Verb mode for urls, etc.
) (/Users/elizabethzhang/Library/TinyTeX/texmf-dist/tex/latex/hyperref/hyperref.sty
Package: hyperref 2024-01-20 v7.01h Hypertext links for LaTeX
(/Users/elizabethzhang/Library/TinyTeX/texmf-dist/tex/latex/kvsetkeys/kvsetkeys.sty
Package: kvsetkeys 2022-10-05 v1.19 Key value parser (HO)
) (/Users/elizabethzhang/Library/TinyTeX/texmf-dist/tex/generic/kvdefinekeys/kvdefinekeys.sty
Package: kvdefinekeys 2019-12-19 v1.6 Define keys (HO)
) (/Users/elizabethzhang/Library/TinyTeX/texmf-dist/tex/generic/pdfescape/pdfescape.sty
Package: pdfescape 2019/12/09 v1.15 Implements pdfTeX's escape features (HO)
(/Users/elizabethzhang/Library/TinyTeX/texmf-dist/tex/generic/ltxcmds/ltxcmds.sty
Package: ltxcmds 2023-12-04 v1.26 LaTeX kernel commands for general use (HO)
) (/Users/elizabethzhang/Library/TinyTeX/texmf-dist/tex/generic/pdftexcmds/pdftexcmds.sty
Package: pdftexcmds 2020-06-27 v0.33 Utility functions of pdfTeX for LuaTeX (HO)
(/Users/elizabethzhang/Library/TinyTeX/texmf-dist/tex/generic/infwarerr/infwarerr.sty
Package: infwarerr 2019/12/03 v1.5 Providing info/warning/error messages (HO)
)
Package pdftexcmds Info: \pdf@primitive is available.
Package pdftexcmds Info: \pdf@ifprimitive is available.
Package pdftexcmds Info: \pdfdraftmode found.
)) (/Users/elizabethzhang/Library/TinyTeX/texmf-dist/tex/latex/hycolor/hycolor.sty
Package: hycolor 2020-01-27 v1.10 Color options for hyperref/bookmark (HO)
) (/Users/elizabethzhang/Library/TinyTeX/texmf-dist/tex/latex/auxhook/auxhook.sty
Package: auxhook 2019-12-17 v1.6 Hooks for auxiliary files (HO)
) (/Users/elizabethzhang/Library/TinyTeX/texmf-dist/tex/latex/hyperref/nameref.sty
Package: nameref 2023-11-26 v2.56 Cross-referencing by name of section
(/Users/elizabethzhang/Library/TinyTeX/texmf-dist/tex/latex/refcount/refcount.sty
Package: refcount 2019/12/15 v3.6 Data extraction from label references (HO)
) (/Users/elizabethzhang/Library/TinyTeX/texmf-dist/tex/generic/gettitlestring/gettitlestring.sty
Package: gettitlestring 2019/12/15 v1.6 Cleanup title references (HO)
(/Users/elizabethzhang/Library/TinyTeX/texmf-dist/tex/latex/kvoptions/kvoptions.sty
Package: kvoptions 2022-06-15 v3.15 Key value format for package options (HO)
))
\c@section@level=\count284
) (/Users/elizabethzhang/Library/TinyTeX/texmf-dist/tex/latex/etoolbox/etoolbox.sty
Package: etoolbox 2020/10/05 v2.5k e-TeX tools for LaTeX (JAW)
\etb@tempcnta=\count285
)
\@linkdim=\dimen166
\Hy@linkcounter=\count286
\Hy@pagecounter=\count287
(/Users/elizabethzhang/Library/TinyTeX/texmf-dist/tex/latex/hyperref/pd1enc.def
File: pd1enc.def 2024-01-20 v7.01h Hyperref: PDFDocEncoding definition (HO)
Now handling font encoding PD1 ...
... no UTF-8 mapping file for font encoding PD1
) (/Users/elizabethzhang/Library/TinyTeX/texmf-dist/tex/generic/intcalc/intcalc.sty
Package: intcalc 2019/12/15 v1.3 Expandable calculations with integers (HO)
)
\Hy@SavedSpaceFactor=\count288
(/Users/elizabethzhang/Library/TinyTeX/texmf-dist/tex/latex/hyperref/puenc.def
File: puenc.def 2024-01-20 v7.01h Hyperref: PDF Unicode definition (HO)
Now handling font encoding PU ...
... no UTF-8 mapping file for font encoding PU
)
Package hyperref Info: Hyper figures OFF on input line 4179.
Package hyperref Info: Link nesting OFF on input line 4184.
Package hyperref Info: Hyper index ON on input line 4187.
Package hyperref Info: Plain pages OFF on input line 4194.
Package hyperref Info: Backreferencing OFF on input line 4199.
Package hyperref Info: Implicit mode ON; LaTeX internals redefined.
Package hyperref Info: Bookmarks ON on input line 4446.
\c@Hy@tempcnt=\count289
LaTeX Info: Redefining \url on input line 4784.
\XeTeXLinkMargin=\dimen167
(/Users/elizabethzhang/Library/TinyTeX/texmf-dist/tex/generic/bitset/bitset.sty
Package: bitset 2019/12/09 v1.3 Handle bit-vector datatype (HO)
(/Users/elizabethzhang/Library/TinyTeX/texmf-dist/tex/generic/bigintcalc/bigintcalc.sty
Package: bigintcalc 2019/12/15 v1.5 Expandable calculations on big integers (HO)
))
\Fld@menulength=\count290
\Field@Width=\dimen168
\Fld@charsize=\dimen169
Package hyperref Info: Hyper figures OFF on input line 6063.
Package hyperref Info: Link nesting OFF on input line 6068.
Package hyperref Info: Hyper index ON on input line 6071.
Package hyperref Info: backreferencing OFF on input line 6078.
Package hyperref Info: Link coloring OFF on input line 6083.
Package hyperref Info: Link coloring with OCG OFF on input line 6088.
Package hyperref Info: PDF/A mode OFF on input line 6093.
(/Users/elizabethzhang/Library/TinyTeX/texmf-dist/tex/latex/base/atbegshi-ltx.sty
Package: atbegshi-ltx 2021/01/10 v1.0c Emulation of the original atbegshi
package with kernel methods
)
\Hy@abspage=\count291
\c@Item=\count292
\c@Hfootnote=\count293
)
Package hyperref Info: Driver (autodetected): hpdftex.
(/Users/elizabethzhang/Library/TinyTeX/texmf-dist/tex/latex/hyperref/hpdftex.def
File: hpdftex.def 2024-01-20 v7.01h Hyperref driver for pdfTeX
(/Users/elizabethzhang/Library/TinyTeX/texmf-dist/tex/latex/base/atveryend-ltx.sty
Package: atveryend-ltx 2020/08/19 v1.0a Emulation of the original atveryend package
with kernel methods
)
\Fld@listcount=\count294
\c@bookmark@seq@number=\count295
(/Users/elizabethzhang/Library/TinyTeX/texmf-dist/tex/latex/rerunfilecheck/rerunfilecheck.sty
Package: rerunfilecheck 2022-07-10 v1.10 Rerun checks for auxiliary files (HO)
(/Users/elizabethzhang/Library/TinyTeX/texmf-dist/tex/generic/uniquecounter/uniquecounter.sty
Package: uniquecounter 2019/12/15 v1.4 Provide unlimited unique counter (HO)
)
Package uniquecounter Info: New unique counter `rerunfilecheck' on input line 285.
)
\Hy@SectionHShift=\skip69
) (/Users/elizabethzhang/Library/TinyTeX/texmf-dist/tex/latex/lm/lmodern.sty
Package: lmodern 2015/05/01 v1.6.1 Latin Modern Fonts
LaTeX Font Info:    Overwriting symbol font `operators' in version `normal'
(Font)                  OT1/cmr/m/n --> OT1/lmr/m/n on input line 22.
LaTeX Font Info:    Overwriting symbol font `letters' in version `normal'
(Font)                  OML/cmm/m/it --> OML/lmm/m/it on input line 23.
LaTeX Font Info:    Overwriting symbol font `symbols' in version `normal'
(Font)                  OMS/cmsy/m/n --> OMS/lmsy/m/n on input line 24.
LaTeX Font Info:    Overwriting symbol font `largesymbols' in version `normal'
(Font)                  OMX/cmex/m/n --> OMX/lmex/m/n on input line 25.
LaTeX Font Info:    Overwriting symbol font `operators' in version `bold'
(Font)                  OT1/cmr/bx/n --> OT1/lmr/bx/n on input line 26.
LaTeX Font Info:    Overwriting symbol font `letters' in version `bold'
(Font)                  OML/cmm/b/it --> OML/lmm/b/it on input line 27.
LaTeX Font Info:    Overwriting symbol font `symbols' in version `bold'
(Font)                  OMS/cmsy/b/n --> OMS/lmsy/b/n on input line 28.
LaTeX Font Info:    Overwriting symbol font `largesymbols' in version `bold'
(Font)                  OMX/cmex/m/n --> OMX/lmex/m/n on input line 29.
LaTeX Font Info:    Overwriting math alphabet `\mathbf' in version `normal'
(Font)                  OT1/cmr/bx/n --> OT1/lmr/bx/n on input line 31.
LaTeX Font Info:    Overwriting math alphabet `\mathsf' in version `normal'
(Font)                  OT1/cmss/m/n --> OT1/lmss/m/n on input line 32.
LaTeX Font Info:    Overwriting math alphabet `\mathit' in version `normal'
(Font)                  OT1/cmr/m/it --> OT1/lmr/m/it on input line 33.
LaTeX Font Info:    Overwriting math alphabet `\mathtt' in version `normal'
(Font)                  OT1/cmtt/m/n --> OT1/lmtt/m/n on input line 34.
LaTeX Font Info:    Overwriting math alphabet `\mathbf' in version `bold'
(Font)                  OT1/cmr/bx/n --> OT1/lmr/bx/n on input line 35.
LaTeX Font Info:    Overwriting math alphabet `\mathsf' in version `bold'
(Font)                  OT1/cmss/bx/n --> OT1/lmss/bx/n on input line 36.
LaTeX Font Info:    Overwriting math alphabet `\mathit' in version `bold'
(Font)                  OT1/cmr/bx/it --> OT1/lmr/bx/it on input line 37.
LaTeX Font Info:    Overwriting math alphabet `\mathtt' in version `bold'
(Font)                  OT1/cmtt/m/n --> OT1/lmtt/m/n on input line 38.
) (/Users/elizabethzhang/Library/TinyTeX/texmf-dist/tex/latex/float/float.sty
Package: float 2001/11/08 v1.3d Float enhancements (AL)
\c@float@type=\count296
\float@exts=\toks32
\float@box=\box58
\@float@everytoks=\toks33
\@floatcapt=\box59
) (/Users/elizabethzhang/Library/TinyTeX/texmf-dist/tex/latex/graphics/rotating.sty
Package: rotating 2016/08/11 v2.16d rotated objects in LaTeX
(/Users/elizabethzhang/Library/TinyTeX/texmf-dist/tex/latex/base/ifthen.sty
Package: ifthen 2022/04/13 v1.1d Standard LaTeX ifthen package (DPC)
)
\c@r@tfl@t=\count297
\rotFPtop=\skip70
\rotFPbot=\skip71
\rot@float@box=\box60
\rot@mess@toks=\toks34
) (/Users/elizabethzhang/Library/TinyTeX/texmf-dist/tex/latex/fancyvrb/fancyvrb.sty
Package: fancyvrb 2024/01/20 4.5c verbatim text (tvz,hv)
\FV@CodeLineNo=\count298
\FV@InFile=\read2
\FV@TabBox=\box61
\c@FancyVerbLine=\count299
\FV@StepNumber=\count300
\FV@OutFile=\write3
) (/Users/elizabethzhang/Library/TinyTeX/texmf-dist/tex/latex/tools/array.sty
Package: array 2023/10/16 v2.5g Tabular extension package (FMi)
\col@sep=\dimen170
\ar@mcellbox=\box62
\extrarowheight=\dimen171
\NC@list=\toks35
\extratabsurround=\skip72
\backup@length=\skip73
\ar@cellbox=\box63
) (/Users/elizabethzhang/Library/TinyTeX/texmf-dist/tex/latex/multirow/multirow.sty
Package: multirow 2021/03/15 v2.8 Span multiple rows of a table
\multirow@colwidth=\skip74
\multirow@cntb=\count301
\multirow@dima=\skip75
\bigstrutjot=\dimen172
) (/Users/elizabethzhang/Library/TinyTeX/texmf-dist/tex/latex/wrapfig/wrapfig.sty
\wrapoverhang=\dimen173
\WF@size=\dimen174
\c@WF@wrappedlines=\count302
\WF@box=\box64
\WF@everypar=\toks36
Package: wrapfig 2003/01/31  v 3.6
) (/Users/elizabethzhang/Library/TinyTeX/texmf-dist/tex/latex/colortbl/colortbl.sty
Package: colortbl 2022/06/20 v1.0f Color table columns (DPC)
(/Users/elizabethzhang/Library/TinyTeX/texmf-dist/tex/latex/graphics/color.sty
Package: color 2022/01/06 v1.3d Standard LaTeX Color (DPC)
(/Users/elizabethzhang/Library/TinyTeX/texmf-dist/tex/latex/graphics-cfg/color.cfg
File: color.cfg 2016/01/02 v1.6 sample color configuration
)
Package color Info: Driver file: pdftex.def on input line 149.
(/Users/elizabethzhang/Library/TinyTeX/texmf-dist/tex/latex/graphics/mathcolor.ltx))
\everycr=\toks37
\minrowclearance=\skip76
\rownum=\count303
) (/Users/elizabethzhang/Library/TinyTeX/texmf-dist/tex/latex/pdflscape/pdflscape.sty
Package: pdflscape 2022-10-27 v0.13 Display of landscape pages in PDF
(/Users/elizabethzhang/Library/TinyTeX/texmf-dist/tex/latex/pdflscape/pdflscape-nometadata.sty
Package: pdflscape-nometadata 2022-10-28 v0.13 Display of landscape pages in PDF (HO)
(/Users/elizabethzhang/Library/TinyTeX/texmf-dist/tex/latex/graphics/lscape.sty
Package: lscape 2020/05/28 v3.02 Landscape Pages (DPC)
)
Package pdflscape Info: Auto-detected driver: pdftex on input line 81.
)) (/Users/elizabethzhang/Library/TinyTeX/texmf-dist/tex/latex/tabu/tabu.sty
Package: tabu 2019/01/11 v2.9 - flexible LaTeX tabulars (FC+tabu-fixed)
(/Users/elizabethzhang/Library/TinyTeX/texmf-dist/tex/latex/varwidth/varwidth.sty
Package: varwidth 2009/03/30 ver 0.92;  Variable-width minipages
\@vwid@box=\box65
\sift@deathcycles=\count304
\@vwid@loff=\dimen175
\@vwid@roff=\dimen176
)
\c@taburow=\count305
\tabu@nbcols=\count306
\tabu@cnt=\count307
\tabu@Xcol=\count308
\tabu@alloc=\count309
\tabu@nested=\count310
\tabu@target=\dimen177
\tabu@spreadtarget=\dimen178
\tabu@naturalX=\dimen179
\tabucolX=\dimen180
\tabu@Xsum=\dimen181
\extrarowdepth=\dimen182
\abovetabulinesep=\dimen183
\belowtabulinesep=\dimen184
\tabustrutrule=\dimen185
\tabu@thebody=\toks38
\tabu@footnotes=\toks39
\tabu@box=\box66
\tabu@arstrutbox=\box67
\tabu@hleads=\box68
\tabu@vleads=\box69
\tabu@cellskip=\skip77
) (/Users/elizabethzhang/Library/TinyTeX/texmf-dist/tex/latex/threeparttable/threeparttable.sty
Package: threeparttable 2003/06/13  v 3.0
\@tempboxb=\box70
) (/Users/elizabethzhang/Library/TinyTeX/texmf-dist/tex/latex/threeparttablex/threeparttablex.sty
Package: threeparttablex 2013/07/23 v0.3 by daleif
(/Users/elizabethzhang/Library/TinyTeX/texmf-dist/tex/latex/environ/environ.sty
Package: environ 2014/05/04 v0.3 A new way to define environments
(/Users/elizabethzhang/Library/TinyTeX/texmf-dist/tex/latex/trimspaces/trimspaces.sty
Package: trimspaces 2009/09/17 v1.1 Trim spaces around a token list
))
\TPTL@width=\skip78
) (/Users/elizabethzhang/Library/TinyTeX/texmf-dist/tex/generic/ulem/ulem.sty
\UL@box=\box71
\UL@hyphenbox=\box72
\UL@skip=\skip79
\UL@hook=\toks40
\UL@height=\dimen186
\UL@pe=\count311
\UL@pixel=\dimen187
\ULC@box=\box73
Package: ulem 2019/11/18
\ULdepth=\dimen188
) (/Users/elizabethzhang/Library/TinyTeX/texmf-dist/tex/latex/makecell/makecell.sty
Package: makecell 2009/08/03 V0.1e Managing of Tab Column Heads and Cells
\rotheadsize=\dimen189
\c@nlinenum=\count312
\TeXr@lab=\toks41
) (/Users/elizabethzhang/Library/TinyTeX/texmf-dist/tex/latex/xcolor/xcolor.sty
Package: xcolor 2023/11/15 v3.01 LaTeX color extensions (UK)
(/Users/elizabethzhang/Library/TinyTeX/texmf-dist/tex/latex/graphics-cfg/color.cfg
File: color.cfg 2016/01/02 v1.6 sample color configuration
)
Package xcolor Info: Driver file: pdftex.def on input line 274.
LaTeX Info: Redefining \color on input line 758.
(/Users/elizabethzhang/Library/TinyTeX/texmf-dist/tex/latex/graphics/mathcolor.ltx)
Package xcolor Info: Model `cmy' substituted by `cmy0' on input line 1350.
Package xcolor Info: Model `hsb' substituted by `rgb' on input line 1354.
Package xcolor Info: Model `RGB' extended on input line 1366.
Package xcolor Info: Model `HTML' substituted by `rgb' on input line 1368.
Package xcolor Info: Model `Hsb' substituted by `hsb' on input line 1369.
Package xcolor Info: Model `tHsb' substituted by `hsb' on input line 1370.
Package xcolor Info: Model `HSB' substituted by `hsb' on input line 1371.
Package xcolor Info: Model `Gray' substituted by `gray' on input line 1372.
Package xcolor Info: Model `wave' substituted by `hsb' on input line 1373.
)
Package hyperref Info: Option `colorlinks' set `true' on input line 73.
(/Users/elizabethzhang/Library/TinyTeX/texmf-dist/tex/latex/caption/caption.sty
Package: caption 2023/08/05 v3.6o Customizing captions (AR)
(/Users/elizabethzhang/Library/TinyTeX/texmf-dist/tex/latex/caption/caption3.sty
Package: caption3 2023/07/31 v2.4d caption3 kernel (AR)
\caption@tempdima=\dimen190
\captionmargin=\dimen191
\caption@leftmargin=\dimen192
\caption@rightmargin=\dimen193
\caption@width=\dimen194
\caption@indent=\dimen195
\caption@parindent=\dimen196
\caption@hangindent=\dimen197
Package caption Info: Standard document class detected.
)
\c@caption@flags=\count313
\c@continuedfloat=\count314
Package caption Info: float package is loaded.
Package caption Info: hyperref package is loaded.
Package caption Info: longtable package is loaded.
(/Users/elizabethzhang/Library/TinyTeX/texmf-dist/tex/latex/caption/ltcaption.sty
Package: ltcaption 2021/01/08 v1.4c longtable captions (AR)
)
Package caption Info: rotating package is loaded.
Package caption Info: threeparttable package is loaded.
Package caption Info: wrapfig package is loaded.
) (/Users/elizabethzhang/Library/TinyTeX/texmf-dist/tex/latex/titlesec/titlesec.sty
Package: titlesec 2023/10/27 v2.16 Sectioning titles
\ttl@box=\box74
\beforetitleunit=\skip80
\aftertitleunit=\skip81
\ttl@plus=\dimen198
\ttl@minus=\dimen199
\ttl@toksa=\toks42
\titlewidth=\dimen256
\titlewidthlast=\dimen257
\titlewidthfirst=\dimen258
) (/Users/elizabethzhang/Library/TinyTeX/texmf-dist/tex/latex/framed/framed.sty
Package: framed 2011/10/22 v 0.96: framed or shaded text with page breaks
\OuterFrameSep=\skip82
\fb@frw=\dimen259
\fb@frh=\dimen260
\FrameRule=\dimen261
\FrameSep=\dimen262
)
\cslhangindent=\skip83
LaTeX Font Info:    Trying to load font information for T1+lmr on input line 261.
(/Users/elizabethzhang/Library/TinyTeX/texmf-dist/tex/latex/lm/t1lmr.fd
File: t1lmr.fd 2015/05/01 v1.6.1 Font defs for Latin Modern
) (/Users/elizabethzhang/Library/TinyTeX/texmf-dist/tex/latex/l3backend/l3backend-pdftex.def
File: l3backend-pdftex.def 2024-01-04 L3 backend support: PDF output (pdfTeX)
\l__color_backend_stack_int=\count315
\l__pdf_internal_box=\box75
) (./Elizabeth-Zhang_StatThesis.aux)
\openout1 = `Elizabeth-Zhang_StatThesis.aux'.

LaTeX Font Info:    Checking defaults for OML/cmm/m/it on input line 261.
LaTeX Font Info:    ... okay on input line 261.
LaTeX Font Info:    Checking defaults for OMS/cmsy/m/n on input line 261.
LaTeX Font Info:    ... okay on input line 261.
LaTeX Font Info:    Checking defaults for OT1/cmr/m/n on input line 261.
LaTeX Font Info:    ... okay on input line 261.
LaTeX Font Info:    Checking defaults for T1/cmr/m/n on input line 261.
LaTeX Font Info:    ... okay on input line 261.
LaTeX Font Info:    Checking defaults for TS1/cmr/m/n on input line 261.
LaTeX Font Info:    ... okay on input line 261.
LaTeX Font Info:    Checking defaults for OMX/cmex/m/n on input line 261.
LaTeX Font Info:    ... okay on input line 261.
LaTeX Font Info:    Checking defaults for U/cmr/m/n on input line 261.
LaTeX Font Info:    ... okay on input line 261.
LaTeX Font Info:    Checking defaults for PD1/pdf/m/n on input line 261.
LaTeX Font Info:    ... okay on input line 261.
LaTeX Font Info:    Checking defaults for PU/pdf/m/n on input line 261.
LaTeX Font Info:    ... okay on input line 261.
(/Users/elizabethzhang/Library/TinyTeX/texmf-dist/tex/latex/epstopdf-pkg/epstopdf-base.sty
Package: epstopdf-base 2020-01-24 v2.11 Base part for package epstopdf
Package epstopdf-base Info: Redefining graphics rule for `.eps' on input line 485.
(/Users/elizabethzhang/Library/TinyTeX/texmf-dist/tex/latex/latexconfig/epstopdf-sys.cfg
File: epstopdf-sys.cfg 2010/07/13 v1.3 Configuration of (r)epstopdf for TeX Live
))
Package hyperref Info: Link coloring ON on input line 261.
(./Elizabeth-Zhang_StatThesis.out) (./Elizabeth-Zhang_StatThesis.out)
\@outlinefile=\write4
\openout4 = `Elizabeth-Zhang_StatThesis.out'.

Package caption Info: Begin \AtBeginDocument code.
Package caption Info: End \AtBeginDocument code.
[1
Non-PDF special ignored!
<special> !% Amherst College LaTeX Thesis Class April 2020 BEB
Non-PDF special ignored!
<special> rawpostscript % Amherst College LaTeX Thesis Class April 2020 BEB


{/Users/elizabethzhang/Library/TinyTeX/texmf-var/fonts/map/pdftex/updmap/pdftex.map}{/Users/elizabethzhang/Library/TinyTeX/texmf-dist/fonts/enc/dvips/lm/lm-ec.enc}] [2

] [1

] [2


] [3] [4


] (./Elizabeth-Zhang_StatThesis.toc
LaTeX Font Info:    Trying to load font information for OT1+lmr on input line 1.
(/Users/elizabethzhang/Library/TinyTeX/texmf-dist/tex/latex/lm/ot1lmr.fd
File: ot1lmr.fd 2015/05/01 v1.6.1 Font defs for Latin Modern
)
LaTeX Font Info:    Trying to load font information for OML+lmm on input line 1.
(/Users/elizabethzhang/Library/TinyTeX/texmf-dist/tex/latex/lm/omllmm.fd
File: omllmm.fd 2015/05/01 v1.6.1 Font defs for Latin Modern
)
LaTeX Font Info:    Trying to load font information for OMS+lmsy on input line 1.
(/Users/elizabethzhang/Library/TinyTeX/texmf-dist/tex/latex/lm/omslmsy.fd
File: omslmsy.fd 2015/05/01 v1.6.1 Font defs for Latin Modern
)
LaTeX Font Info:    Trying to load font information for OMX+lmex on input line 1.
(/Users/elizabethzhang/Library/TinyTeX/texmf-dist/tex/latex/lm/omxlmex.fd
File: omxlmex.fd 2015/05/01 v1.6.1 Font defs for Latin Modern
)
LaTeX Font Info:    External font `lmex10' loaded for size
(Font)              <12> on input line 1.
LaTeX Font Info:    External font `lmex10' loaded for size
(Font)              <8> on input line 1.
LaTeX Font Info:    External font `lmex10' loaded for size
(Font)              <6> on input line 1.
LaTeX Font Info:    Trying to load font information for U+lasy on input line 1.
(/Users/elizabethzhang/Library/TinyTeX/texmf-dist/tex/latex/base/ulasy.fd
File: ulasy.fd 1998/08/17 v2.2e LaTeX symbol font definitions
)
LaTeX Font Info:    Trying to load font information for U+msa on input line 1.
(/Users/elizabethzhang/Library/TinyTeX/texmf-dist/tex/latex/amsfonts/umsa.fd
File: umsa.fd 2013/01/14 v3.01 AMS symbols A
)
LaTeX Font Info:    Trying to load font information for U+msb on input line 1.
(/Users/elizabethzhang/Library/TinyTeX/texmf-dist/tex/latex/amsfonts/umsb.fd
File: umsb.fd 2013/01/14 v3.01 AMS symbols B
) [5] [6])
\tf@toc=\write5
\openout5 = `Elizabeth-Zhang_StatThesis.toc'.

[7] [8

] (./Elizabeth-Zhang_StatThesis.lot)
\tf@lot=\write6
\openout6 = `Elizabeth-Zhang_StatThesis.lot'.

[9] [10

] (./Elizabeth-Zhang_StatThesis.lof
Underfull \vbox (badness 10000) has occurred while \output is active []

[11{/Users/elizabethzhang/Library/TinyTeX/texmf-dist/fonts/enc/dvips/lm/lm-mathit.enc}{/Users/elizabethzhang/Library/TinyTeX/texmf-dist/fonts/enc/dvips/lm/lm-rm.enc}])
\tf@lof=\write7
\openout7 = `Elizabeth-Zhang_StatThesis.lof'.

[12]
Chapter 1.

Underfull \vbox (badness 10000) has occurred while \output is active []


pdfTeX warning (ext4): destination with the same identifier (name{page.1}) has been already used, duplicate ignored
<to be read again> 
                   \relax 
l.300 
       [1


]
Underfull \vbox (badness 10000) has occurred while \output is active []


pdfTeX warning (ext4): destination with the same identifier (name{page.2}) has been already used, duplicate ignored
<to be read again> 
                   \relax 
l.304 
       [2] [3] [4

]
Chapter 2.
LaTeX Font Info:    Trying to load font information for TS1+lmr on input line 316.
(/Users/elizabethzhang/Library/TinyTeX/texmf-dist/tex/latex/lm/ts1lmr.fd
File: ts1lmr.fd 2015/05/01 v1.6.1 Font defs for Latin Modern
) [5{/Users/elizabethzhang/Library/TinyTeX/texmf-dist/fonts/enc/dvips/lm/lm-ts1.enc}] [6]
Chapter 3.
[7

]

Package amsmath Warning: Foreign command \atopwithdelims;
(amsmath)                \frac or \genfrac should be used instead
(amsmath)                 on input line 368.


Underfull \vbox (badness 10000) has occurred while \output is active []

[8{/Users/elizabethzhang/Library/TinyTeX/texmf-dist/fonts/enc/dvips/lm/lm-mathsy.enc}{/Users/elizabethzhang/Library/TinyTeX/texmf-dist/fonts/enc/dvips/lm/lm-mathex.enc}]
Underfull \vbox (badness 10000) has occurred while \output is active []

[9] [10]
LaTeX Font Info:    Font shape `U/lasy/b/n' in size <8> not available
(Font)              Font shape `U/lasy/m/n' tried instead on input line 414.
LaTeX Font Info:    Font shape `U/lasy/b/n' in size <6> not available
(Font)              Font shape `U/lasy/m/n' tried instead on input line 414.
[11]
Underfull \vbox (badness 10000) has occurred while \output is active []

[12]
Underfull \vbox (badness 10000) has occurred while \output is active []

[13] [14]
<figures/ch3_toy1.png, id=456, 361.35pt x 216.81pt>
File: figures/ch3_toy1.png Graphic file (type png)
<use figures/ch3_toy1.png>
Package pdftex.def Info: figures/ch3_toy1.png  used on input line 519.
(pdftex.def)             Requested size: 325.215pt x 195.1305pt.
<figures/ch3_toy2.png, id=458, 361.35pt x 289.08pt>
File: figures/ch3_toy2.png Graphic file (type png)
<use figures/ch3_toy2.png>
Package pdftex.def Info: figures/ch3_toy2.png  used on input line 528.
(pdftex.def)             Requested size: 325.215pt x 260.174pt.
[15 <./figures/ch3_toy1.png>]
<figures/ch3_toy3.png, id=469, 361.35pt x 216.81pt>
File: figures/ch3_toy3.png Graphic file (type png)
<use figures/ch3_toy3.png>
Package pdftex.def Info: figures/ch3_toy3.png  used on input line 537.
(pdftex.def)             Requested size: 325.215pt x 195.1305pt.

Underfull \vbox (badness 10000) has occurred while \output is active []

[16 <./figures/ch3_toy2.png>]
LaTeX Font Info:    Trying to load font information for T1+lmtt on input line 543.
(/Users/elizabethzhang/Library/TinyTeX/texmf-dist/tex/latex/lm/t1lmtt.fd
File: t1lmtt.fd 2015/05/01 v1.6.1 Font defs for Latin Modern
)
<figures/ch3_toyrho.png, id=476, 505.89pt x 216.81pt>
File: figures/ch3_toyrho.png Graphic file (type png)
<use figures/ch3_toyrho.png>
Package pdftex.def Info: figures/ch3_toyrho.png  used on input line 546.
(pdftex.def)             Requested size: 433.62pt x 185.84093pt.
[17 <./figures/ch3_toy3.png> <./figures/ch3_toyrho.png>]
Underfull \vbox (badness 3907) has occurred while \output is active []

[18]
Underfull \vbox (badness 10000) has occurred while \output is active []

[19] [20] [21] [22] [23]
Underfull \vbox (badness 10000) has occurred while \output is active []

[24]
Underfull \vbox (badness 10000) has occurred while \output is active []

[25]
<figures/ch3_toy4.png, id=528, 361.35pt x 216.81pt>
File: figures/ch3_toy4.png Graphic file (type png)
<use figures/ch3_toy4.png>
Package pdftex.def Info: figures/ch3_toy4.png  used on input line 709.
(pdftex.def)             Requested size: 325.215pt x 195.1305pt.
<figures/ch3_toy5.png, id=530, 361.35pt x 216.81pt>
File: figures/ch3_toy5.png Graphic file (type png)
<use figures/ch3_toy5.png>
Package pdftex.def Info: figures/ch3_toy5.png  used on input line 718.
(pdftex.def)             Requested size: 325.215pt x 195.1305pt.

Underfull \vbox (badness 10000) has occurred while \output is active []

[26 <./figures/ch3_toy4.png>]
<figures/ch3_toy6.png, id=536, 361.35pt x 216.81pt>
File: figures/ch3_toy6.png Graphic file (type png)
<use figures/ch3_toy6.png>
Package pdftex.def Info: figures/ch3_toy6.png  used on input line 727.
(pdftex.def)             Requested size: 325.215pt x 195.1305pt.

Underfull \vbox (badness 10000) has occurred while \output is active []

[27 <./figures/ch3_toy5.png>]
<figures/ch3_toybounds.png, id=543, 505.89pt x 216.81pt>
File: figures/ch3_toybounds.png Graphic file (type png)
<use figures/ch3_toybounds.png>
Package pdftex.def Info: figures/ch3_toybounds.png  used on input line 736.
(pdftex.def)             Requested size: 433.62pt x 185.84093pt.

Underfull \vbox (badness 10000) has occurred while \output is active []

[28 <./figures/ch3_toy6.png>]
Underfull \vbox (badness 1365) has occurred while \output is active []

[29 <./figures/ch3_toybounds.png>] [30] [31] [32] [33]
Underfull \vbox (badness 10000) has occurred while \output is active []

[34] [35] [36]
Chapter 4.

Underfull \vbox (badness 10000) has occurred while \output is active []

[37

]
Underfull \vbox (badness 10000) has occurred while \output is active []

[38] [39]
<figures/ch4_univlog.png, id=613, 542.025pt x 361.35pt>
File: figures/ch4_univlog.png Graphic file (type png)
<use figures/ch4_univlog.png>
Package pdftex.def Info: figures/ch4_univlog.png  used on input line 873.
(pdftex.def)             Requested size: 390.25534pt x 260.1773pt.
<figures/ch4_covdist.png, id=616, 433.62pt x 289.08pt>
File: figures/ch4_covdist.png Graphic file (type png)
<use figures/ch4_covdist.png>
Package pdftex.def Info: figures/ch4_covdist.png  used on input line 882.
(pdftex.def)             Requested size: 325.215pt x 216.81828pt.
[40 <./figures/ch4_univlog.png>] [41 <./figures/ch4_covdist.png>]
<figures/ch4_race_exp.png, id=629, 433.62pt x 289.08pt>
File: figures/ch4_race_exp.png Graphic file (type png)
<use figures/ch4_race_exp.png>
Package pdftex.def Info: figures/ch4_race_exp.png  used on input line 902.
(pdftex.def)             Requested size: 325.215pt x 216.81828pt.

Underfull \vbox (badness 10000) has occurred while \output is active []

[42]
<figures/ch4_univ_exp_sim.png, id=635, 433.62pt x 289.08pt>
File: figures/ch4_univ_exp_sim.png Graphic file (type png)
<use figures/ch4_univ_exp_sim.png>
Package pdftex.def Info: figures/ch4_univ_exp_sim.png  used on input line 913.
(pdftex.def)             Requested size: 325.215pt x 216.81828pt.

Underfull \vbox (badness 4765) has occurred while \output is active []

[43 <./figures/ch4_race_exp.png>]
<figures/ch4_univ_cov_sim.png, id=640, 433.62pt x 289.08pt>
File: figures/ch4_univ_cov_sim.png Graphic file (type png)
<use figures/ch4_univ_cov_sim.png>
Package pdftex.def Info: figures/ch4_univ_cov_sim.png  used on input line 921.
(pdftex.def)             Requested size: 325.215pt x 216.81828pt.

Underfull \vbox (badness 10000) has occurred while \output is active []

[44 <./figures/ch4_univ_exp_sim.png>]
Underfull \hbox (badness 1062) in paragraph at lines 929--930
\T1/lmr/m/n/12 vari-ate Gaus-sian cop-ula dis-tri-bu-tion. All pseudo-random sam-ples were then
 []


LaTeX Warning: Reference `fig:corheatmap' on page 45 undefined on input line 931.


LaTeX Warning: Reference `fig:cordens' on page 45 undefined on input line 931.

<figures/ch4_corr_simorigdens.png, id=647, 722.7pt x 867.24pt>
File: figures/ch4_corr_simorigdens.png Graphic file (type png)
<use figures/ch4_corr_simorigdens.png>
Package pdftex.def Info: figures/ch4_corr_simorigdens.png  used on input line 934.
(pdftex.def)             Requested size: 433.62pt x 520.34802pt.

Underfull \vbox (badness 10000) has occurred while \output is active []

[45 <./figures/ch4_univ_cov_sim.png>]
Underfull \vbox (badness 10000) has occurred while \output is active []

[46 <./figures/ch4_corr_simorigdens.png>] [47] [48] [49] [50

] [51] [52

]
Appendix A.
LaTeX Font Info:    Font shape `T1/lmtt/bx/n' in size <12> not available
(Font)              Font shape `T1/lmtt/b/n' tried instead on input line 1080.
LaTeX Font Info:    Trying to load font information for TS1+lmtt on input line 1082.
(/Users/elizabethzhang/Library/TinyTeX/texmf-dist/tex/latex/lm/ts1lmtt.fd
File: ts1lmtt.fd 2015/05/01 v1.6.1 Font defs for Latin Modern
) [53] [54

]
Appendix B.

LaTeX Font Warning: Font shape `T1/lmtt/bx/it' in size <12> not available
(Font)              Font shape `T1/lmtt/b/sl' tried instead on input line 1129.

[55] [56]
Underfull \vbox (badness 10000) detected at line 1233
 []


Underfull \vbox (badness 10000) detected at line 1233
 []

[57] [58]
Underfull \vbox (badness 10000) detected at line 1321
 []


Underfull \vbox (badness 10000) detected at line 1321
 []

[59] [60] [61] [62] [63]
Underfull \vbox (badness 10000) detected at line 1528
 []


Underfull \vbox (badness 10000) detected at line 1528
 []

[64] [65]
Underfull \vbox (badness 10000) detected at line 1624
 []


Underfull \vbox (badness 10000) detected at line 1624
 []

[66] [67]
Underfull \vbox (badness 10000) detected at line 1880
 []


Underfull \vbox (badness 10000) detected at line 1880
 []

[68]
Underfull \vbox (badness 10000) detected at line 1880
 []


Underfull \vbox (badness 10000) detected at line 1880
 []

[69]
Underfull \vbox (badness 10000) detected at line 1880
 []


Underfull \vbox (badness 10000) detected at line 1880
 []

[70]
Underfull \vbox (badness 10000) detected at line 1880
 []


Underfull \vbox (badness 10000) detected at line 1880
 []

[71]
Underfull \vbox (badness 10000) detected at line 1880
 []


Underfull \vbox (badness 10000) detected at line 1880
 []

[72] [73]
Underfull \vbox (badness 10000) detected at line 2032
 []


Underfull \vbox (badness 10000) detected at line 2032
 []

[74]
Underfull \vbox (badness 10000) detected at line 2032
 []


Underfull \vbox (badness 10000) detected at line 2032
 []

[75] [76] [77] [78

] [79] [80

]
Underfull \vbox (badness 10000) has occurred while \output is active []

[81

]
Underfull \hbox (badness 1472) in paragraph at lines 2090--2092
 \T1/lmr/m/n/12 soft-ware for an-a-lyz-ing the health ef-fects of mul-ti-ple con-cur-rent ex-po-sures
 []


Underfull \vbox (badness 10000) has occurred while \output is active []

[82]
Underfull \hbox (badness 1320) in paragraph at lines 2111--2113
 \T1/lmr/m/n/12 u-lar level: Their rel-e-vance to hu-man health. \T1/lmr/m/it/12 Tox-i-col-ogy\T1/lmr/m/n/12 , \T1/lmr/m/it/12 307\T1/lmr/m/n/12 , 136--145.
 []


Underfull \hbox (badness 1077) in paragraph at lines 2123--2125
 \T1/lmr/m/n/12 for Ges-ta-tional Age in a Pre-dom-i-nately Lower-Income His-panic Preg-nancy
 []


Underfull \hbox (badness 2237) in paragraph at lines 2126--2128
 \T1/lmr/m/n/12 Plau-si-ble Mech-a-nis-tic Frame-work for Ex-plor-ing Po-ten-tial Ef-fect Mod-i-fi-ca-
 []


Underfull \vbox (badness 10000) has occurred while \output is active []

[83]
Underfull \hbox (badness 2608) in paragraph at lines 2129--2131
 []\T1/lmr/m/n/12 Kordas, K., Lön-nerdal, B., & Stoltz-fus, R. J. (2007). In-ter-ac-tions be-
 []


Underfull \hbox (badness 1205) in paragraph at lines 2129--2131
 \T1/lmr/m/n/12 tween nu-tri-tion and en-vi-ron-men-tal ex-po-sures: Ef-fects on health out-comes
 []


Underfull \hbox (badness 1484) in paragraph at lines 2129--2131
 \T1/lmr/m/n/12 in women and chil-dren. \T1/lmr/m/it/12 The Jour-nal of Nu-tri-tion\T1/lmr/m/n/12 , \T1/lmr/m/it/12 137\T1/lmr/m/n/12 (12), 2794--2797.
 []


Underfull \vbox (badness 10000) has occurred while \output is active []

[84]
Underfull \vbox (badness 10000) has occurred while \output is active []

[85]
Underfull \hbox (badness 1259) in paragraph at lines 2180--2182
 \T1/lmr/m/n/12 men-tal epi-demi-ol-ogy. \T1/lmr/m/it/12 Eu-ro-pean Jour-nal of Epi-demi-ol-ogy\T1/lmr/m/n/12 , \T1/lmr/m/it/12 33\T1/lmr/m/n/12 (4), 355--363.
 []


Underfull \vbox (badness 10000) has occurred while \output is active []

[86] [87] (./Elizabeth-Zhang_StatThesis.aux)
 ***********
LaTeX2e <2023-11-01> patch level 1
L3 programming layer <2024-02-18>
 ***********

LaTeX Warning: There were undefined references.

Package rerunfilecheck Info: File `Elizabeth-Zhang_StatThesis.out' has not changed.
(rerunfilecheck)             Checksum: 3DA9D896C4164AC952509EBEB39403B9;8508.
 )
(\end occurred inside a group at level 1)

### semi simple group (level 1) entered at line 263 (\begingroup)
### bottom level 
Here is how much of TeX's memory you used:
 15282 strings out of 476109
 247262 string characters out of 5792729
 1972991 words of memory out of 5000000
 36792 multiletter control sequences out of 15000+600000
 624925 words of font info for 87 fonts, out of 8000000 for 9000
 14 hyphenation exceptions out of 8191
 75i,12n,79p,1699b,808s stack positions out of 10000i,1000n,20000p,200000b,200000s
</Users/elizabethzhang/Library/TinyTeX/texmf-dist/fonts/type1/public/lm/lmbx12.pfb></Users/elizabethzhang/Library/TinyTeX/texmf-dist/fonts/type1/public/lm/lmbx8.pfb></Users/elizabethzhang/Library/TinyTeX/texmf-dist/fonts/type1/public/lm/lmcsc10.pfb></Users/elizabethzhang/Library/TinyTeX/texmf-dist/fonts/type1/public/lm/lmex10.pfb></Users/elizabethzhang/Library/TinyTeX/texmf-dist/fonts/type1/public/lm/lmmi12.pfb></Users/elizabethzhang/Library/TinyTeX/texmf-dist/fonts/type1/public/lm/lmmi6.pfb></Users/elizabethzhang/Library/TinyTeX/texmf-dist/fonts/type1/public/lm/lmmi8.pfb></Users/elizabethzhang/Library/TinyTeX/texmf-dist/fonts/type1/public/lm/lmmib10.pfb></Users/elizabethzhang/Library/TinyTeX/texmf-dist/fonts/type1/public/lm/lmr12.pfb></Users/elizabethzhang/Library/TinyTeX/texmf-dist/fonts/type1/public/lm/lmr17.pfb></Users/elizabethzhang/Library/TinyTeX/texmf-dist/fonts/type1/public/lm/lmr6.pfb></Users/elizabethzhang/Library/TinyTeX/texmf-dist/fonts/type1/public/lm/lmr8.pfb></Users/elizabethzhang/Library/TinyTeX/texmf-dist/fonts/type1/public/lm/lmri12.pfb></Users/elizabethzhang/Library/TinyTeX/texmf-dist/fonts/type1/public/lm/lmsy10.pfb></Users/elizabethzhang/Library/TinyTeX/texmf-dist/fonts/type1/public/lm/lmsy6.pfb></Users/elizabethzhang/Library/TinyTeX/texmf-dist/fonts/type1/public/lm/lmsy8.pfb></Users/elizabethzhang/Library/TinyTeX/texmf-dist/fonts/type1/public/lm/lmtk10.pfb></Users/elizabethzhang/Library/TinyTeX/texmf-dist/fonts/type1/public/lm/lmtko10.pfb></Users/elizabethzhang/Library/TinyTeX/texmf-dist/fonts/type1/public/lm/lmtt12.pfb></Users/elizabethzhang/Library/TinyTeX/texmf-dist/fonts/type1/public/lm/lmtti10.pfb></Users/elizabethzhang/Library/TinyTeX/texmf-dist/fonts/type1/public/amsfonts/symbols/msbm10.pfb>
Output written on Elizabeth-Zhang_StatThesis.pdf (101 pages, 2621717 bytes).
PDF statistics:
 1114 PDF objects out of 1200 (max. 8388607)
 934 compressed objects within 10 object streams
 258 named destinations out of 1000 (max. 500000)
 487 words of extra memory for PDF output out of 10000 (max. 10000000)

